__main__ - WARNING - LableElukalinA4
__main__ - WARNING - LableElukalinA4
__main__ - WARNING - LableElukalinA4
__main__ - WARNING - header
__main__ - WARNING - top_right
__main__ - WARNING - end_right
__main__ - WARNING - header
__main__ - WARNING - top_right
__main__ - WARNING - end_right
__main__ - WARNING - LableElukalinA4
__main__ - WARNING - LableElukalinA4
__main__ - WARNING - LableElukalinA4
__main__ - WARNING - header
__main__ - WARNING - top_right
__main__ - WARNING - end_right
__main__ - WARNING - LableElukalinA4
__main__ - WARNING - header
__main__ - WARNING - top_right
__main__ - WARNING - LableElukalinA4
__main__ - WARNING - header
__main__ - WARNING - top_right
__main__ - WARNING - contour
__main__ - WARNING - add_content
__main__ - WARNING - footer
__main__ - WARNING - LableElukalinA4
__main__ - WARNING - header
__main__ - WARNING - top_right
__main__ - WARNING - end_right
__main__ - WARNING - LableElukalinA4
__main__ - WARNING - header
__main__ - WARNING - top_right
__main__ - WARNING - end_right
__main__ - WARNING - LableElukalinA4
__main__ - WARNING - header
__main__ - WARNING - top_right
__main__ - WARNING - end_right
__main__ - WARNING - LableElukalinA4
__main__ - WARNING - header
__main__ - WARNING - top_right
__main__ - WARNING - end_right
__main__ - WARNING - LableElukalinA4
__main__ - WARNING - header
__main__ - WARNING - top_right
__main__ - WARNING - end_right
__main__ - WARNING - LableElukalinA4
__main__ - WARNING - header
__main__ - WARNING - top_right
__main__ - WARNING - end_right
__main__ - WARNING - LableElukalinA4
__main__ - WARNING - header
__main__ - WARNING - top_right
__main__ - WARNING - end_right
__main__ - WARNING - LableElukalinA4
__main__ - WARNING - header
__main__ - WARNING - top_right
__main__ - WARNING - end_right
__main__ - WARNING - LableElukalinA4
__main__ - WARNING - header
__main__ - WARNING - top_right
__main__ - WARNING - end_right
__main__ - WARNING - LableElukalinA4
__main__ - WARNING - header
__main__ - WARNING - top_right
__main__ - WARNING - end_right
__main__ - WARNING - LableElukalinA4
__main__ - WARNING - LableElukalinA4
__main__ - WARNING - LableElukalinA4
__main__ - WARNING - LableElukalinA4
__main__ - WARNING - LableElukalinA4
__main__ - WARNING - header
__main__ - WARNING - top_right
__main__ - WARNING - end_right
__main__ - WARNING - contour
__main__ - WARNING - add_content
__main__ - WARNING - footer
